Determining if the pthread_create exist failed with the following output:
Change Dir: /home/xiongzh/catkin_ws/build/quadrotor_msgs/CMakeFiles/CMakeTmp

Run Build Command:"/usr/bin/make" "cmTC_ee662/fast"
/usr/bin/make -f CMakeFiles/cmTC_ee662.dir/build.make CMakeFiles/cmTC_ee662.dir/build
make[1]: 进入目录“/home/xiongzh/catkin_ws/build/quadrotor_msgs/CMakeFiles/CMakeTmp”
Building C object CMakeFiles/cmTC_ee662.dir/CheckSymbolExists.c.o
/usr/bin/cc    -o CMakeFiles/cmTC_ee662.dir/CheckSymbolExists.c.o   -c /home/xiongzh/catkin_ws/build/quadrotor_msgs/CMakeFiles/CMakeTmp/CheckSymbolExists.c
Linking C executable cmTC_ee662
/usr/bin/cmake -E cmake_link_script CMakeFiles/cmTC_ee662.dir/link.txt --verbose=1
/usr/bin/cc      -rdynamic CMakeFiles/cmTC_ee662.dir/CheckSymbolExists.c.o  -o cmTC_ee662 
CMakeFiles/cmTC_ee662.dir/CheckSymbolExists.c.o：在函数‘main’中：
CheckSymbolExists.c:(.text+0x1b)：对‘pthread_create’未定义的引用
collect2: error: ld returned 1 exit status
CMakeFiles/cmTC_ee662.dir/build.make:97: recipe for target 'cmTC_ee662' failed
make[1]: *** [cmTC_ee662] Error 1
make[1]: 离开目录“/home/xiongzh/catkin_ws/build/quadrotor_msgs/CMakeFiles/CMakeTmp”
Makefile:126: recipe for target 'cmTC_ee662/fast' failed
make: *** [cmTC_ee662/fast] Error 2

File /home/xiongzh/catkin_ws/build/quadrotor_msgs/CMakeFiles/CMakeTmp/CheckSymbolExists.c:
/* */
#include <pthread.h>

int main(int argc, char** argv)
{
  (void)argv;
#ifndef pthread_create
  return ((int*)(&pthread_create))[argc];
#else
  (void)argc;
  return 0;
#endif
}

Determining if the function pthread_create exists in the pthreads failed with the following output:
Change Dir: /home/xiongzh/catkin_ws/build/quadrotor_msgs/CMakeFiles/CMakeTmp

Run Build Command:"/usr/bin/make" "cmTC_15fb7/fast"
/usr/bin/make -f CMakeFiles/cmTC_15fb7.dir/build.make CMakeFiles/cmTC_15fb7.dir/build
make[1]: 进入目录“/home/xiongzh/catkin_ws/build/quadrotor_msgs/CMakeFiles/CMakeTmp”
Building C object CMakeFiles/cmTC_15fb7.dir/CheckFunctionExists.c.o
/usr/bin/cc   -DCHECK_FUNCTION_EXISTS=pthread_create   -o CMakeFiles/cmTC_15fb7.dir/CheckFunctionExists.c.o   -c /usr/share/cmake-3.10/Modules/CheckFunctionExists.c
Linking C executable cmTC_15fb7
/usr/bin/cmake -E cmake_link_script CMakeFiles/cmTC_15fb7.dir/link.txt --verbose=1
/usr/bin/cc  -DCHECK_FUNCTION_EXISTS=pthread_create    -rdynamic CMakeFiles/cmTC_15fb7.dir/CheckFunctionExists.c.o  -o cmTC_15fb7 -lpthreads 
/usr/bin/ld: 找不到 -lpthreads
collect2: error: ld returned 1 exit status
CMakeFiles/cmTC_15fb7.dir/build.make:97: recipe for target 'cmTC_15fb7' failed
make[1]: *** [cmTC_15fb7] Error 1
make[1]: 离开目录“/home/xiongzh/catkin_ws/build/quadrotor_msgs/CMakeFiles/CMakeTmp”
Makefile:126: recipe for target 'cmTC_15fb7/fast' failed
make: *** [cmTC_15fb7/fast] Error 2


