Determining if the pthread_create exist failed with the following output:
Change Dir: /home/xiongzh/catkin_ws/build/poly_traj/CMakeFiles/CMakeTmp

Run Build Command:"/usr/bin/make" "cmTC_2e6e5/fast"
/usr/bin/make -f CMakeFiles/cmTC_2e6e5.dir/build.make CMakeFiles/cmTC_2e6e5.dir/build
make[1]: 进入目录“/home/xiongzh/catkin_ws/build/poly_traj/CMakeFiles/CMakeTmp”
Building C object CMakeFiles/cmTC_2e6e5.dir/CheckSymbolExists.c.o
/usr/bin/cc    -o CMakeFiles/cmTC_2e6e5.dir/CheckSymbolExists.c.o   -c /home/xiongzh/catkin_ws/build/poly_traj/CMakeFiles/CMakeTmp/CheckSymbolExists.c
Linking C executable cmTC_2e6e5
/usr/bin/cmake -E cmake_link_script CMakeFiles/cmTC_2e6e5.dir/link.txt --verbose=1
/usr/bin/cc      -rdynamic CMakeFiles/cmTC_2e6e5.dir/CheckSymbolExists.c.o  -o cmTC_2e6e5 
CMakeFiles/cmTC_2e6e5.dir/CheckSymbolExists.c.o：在函数‘main’中：
CheckSymbolExists.c:(.text+0x1b)：对‘pthread_create’未定义的引用
collect2: error: ld returned 1 exit status
CMakeFiles/cmTC_2e6e5.dir/build.make:97: recipe for target 'cmTC_2e6e5' failed
make[1]: *** [cmTC_2e6e5] Error 1
make[1]: 离开目录“/home/xiongzh/catkin_ws/build/poly_traj/CMakeFiles/CMakeTmp”
Makefile:126: recipe for target 'cmTC_2e6e5/fast' failed
make: *** [cmTC_2e6e5/fast] Error 2

File /home/xiongzh/catkin_ws/build/poly_traj/CMakeFiles/CMakeTmp/CheckSymbolExists.c:
/* */
#include <pthread.h>

int main(int argc, char** argv)
{
  (void)argv;
#ifndef pthread_create
  return ((int*)(&pthread_create))[argc];
#else
  (void)argc;
  return 0;
#endif
}

Determining if the function pthread_create exists in the pthreads failed with the following output:
Change Dir: /home/xiongzh/catkin_ws/build/poly_traj/CMakeFiles/CMakeTmp

Run Build Command:"/usr/bin/make" "cmTC_72bfd/fast"
/usr/bin/make -f CMakeFiles/cmTC_72bfd.dir/build.make CMakeFiles/cmTC_72bfd.dir/build
make[1]: 进入目录“/home/xiongzh/catkin_ws/build/poly_traj/CMakeFiles/CMakeTmp”
Building C object CMakeFiles/cmTC_72bfd.dir/CheckFunctionExists.c.o
/usr/bin/cc   -DCHECK_FUNCTION_EXISTS=pthread_create   -o CMakeFiles/cmTC_72bfd.dir/CheckFunctionExists.c.o   -c /usr/share/cmake-3.10/Modules/CheckFunctionExists.c
Linking C executable cmTC_72bfd
/usr/bin/cmake -E cmake_link_script CMakeFiles/cmTC_72bfd.dir/link.txt --verbose=1
/usr/bin/cc  -DCHECK_FUNCTION_EXISTS=pthread_create    -rdynamic CMakeFiles/cmTC_72bfd.dir/CheckFunctionExists.c.o  -o cmTC_72bfd -lpthreads 
/usr/bin/ld: 找不到 -lpthreads
collect2: error: ld returned 1 exit status
CMakeFiles/cmTC_72bfd.dir/build.make:97: recipe for target 'cmTC_72bfd' failed
make[1]: *** [cmTC_72bfd] Error 1
make[1]: 离开目录“/home/xiongzh/catkin_ws/build/poly_traj/CMakeFiles/CMakeTmp”
Makefile:126: recipe for target 'cmTC_72bfd/fast' failed
make: *** [cmTC_72bfd/fast] Error 2


