Determining if the pthread_create exist failed with the following output:
Change Dir: /home/xiongzh/catkin_ws/build/px4_fast_planner/CMakeFiles/CMakeTmp

Run Build Command:"/usr/bin/make" "cmTC_410ee/fast"
/usr/bin/make -f CMakeFiles/cmTC_410ee.dir/build.make CMakeFiles/cmTC_410ee.dir/build
make[1]: 进入目录“/home/xiongzh/catkin_ws/build/px4_fast_planner/CMakeFiles/CMakeTmp”
Building C object CMakeFiles/cmTC_410ee.dir/CheckSymbolExists.c.o
/usr/bin/cc    -o CMakeFiles/cmTC_410ee.dir/CheckSymbolExists.c.o   -c /home/xiongzh/catkin_ws/build/px4_fast_planner/CMakeFiles/CMakeTmp/CheckSymbolExists.c
Linking C executable cmTC_410ee
/usr/bin/cmake -E cmake_link_script CMakeFiles/cmTC_410ee.dir/link.txt --verbose=1
/usr/bin/cc      -rdynamic CMakeFiles/cmTC_410ee.dir/CheckSymbolExists.c.o  -o cmTC_410ee 
CMakeFiles/cmTC_410ee.dir/CheckSymbolExists.c.o：在函数‘main’中：
CheckSymbolExists.c:(.text+0x1b)：对‘pthread_create’未定义的引用
collect2: error: ld returned 1 exit status
CMakeFiles/cmTC_410ee.dir/build.make:97: recipe for target 'cmTC_410ee' failed
make[1]: *** [cmTC_410ee] Error 1
make[1]: 离开目录“/home/xiongzh/catkin_ws/build/px4_fast_planner/CMakeFiles/CMakeTmp”
Makefile:126: recipe for target 'cmTC_410ee/fast' failed
make: *** [cmTC_410ee/fast] Error 2

File /home/xiongzh/catkin_ws/build/px4_fast_planner/CMakeFiles/CMakeTmp/CheckSymbolExists.c:
/* */
#include <pthread.h>

int main(int argc, char** argv)
{
  (void)argv;
#ifndef pthread_create
  return ((int*)(&pthread_create))[argc];
#else
  (void)argc;
  return 0;
#endif
}

Determining if the function pthread_create exists in the pthreads failed with the following output:
Change Dir: /home/xiongzh/catkin_ws/build/px4_fast_planner/CMakeFiles/CMakeTmp

Run Build Command:"/usr/bin/make" "cmTC_25a61/fast"
/usr/bin/make -f CMakeFiles/cmTC_25a61.dir/build.make CMakeFiles/cmTC_25a61.dir/build
make[1]: 进入目录“/home/xiongzh/catkin_ws/build/px4_fast_planner/CMakeFiles/CMakeTmp”
Building C object CMakeFiles/cmTC_25a61.dir/CheckFunctionExists.c.o
/usr/bin/cc   -DCHECK_FUNCTION_EXISTS=pthread_create   -o CMakeFiles/cmTC_25a61.dir/CheckFunctionExists.c.o   -c /usr/share/cmake-3.10/Modules/CheckFunctionExists.c
Linking C executable cmTC_25a61
/usr/bin/cmake -E cmake_link_script CMakeFiles/cmTC_25a61.dir/link.txt --verbose=1
/usr/bin/cc  -DCHECK_FUNCTION_EXISTS=pthread_create    -rdynamic CMakeFiles/cmTC_25a61.dir/CheckFunctionExists.c.o  -o cmTC_25a61 -lpthreads 
/usr/bin/ld: 找不到 -lpthreads
collect2: error: ld returned 1 exit status
CMakeFiles/cmTC_25a61.dir/build.make:97: recipe for target 'cmTC_25a61' failed
make[1]: *** [cmTC_25a61] Error 1
make[1]: 离开目录“/home/xiongzh/catkin_ws/build/px4_fast_planner/CMakeFiles/CMakeTmp”
Makefile:126: recipe for target 'cmTC_25a61/fast' failed
make: *** [cmTC_25a61/fast] Error 2


