[01m[K/home/xiongzh/catkin_ws/src/Fast-Planner/fast_planner/traj_utils/src/planning_visualization.cpp:[m[K In member function ‘[01m[Kvoid fast_planner::PlanningVisualization::drawBsplinesPhase1(std::vector<fast_planner::NonUniformBspline>&, double)[m[K’:
[01m[K/home/xiongzh/catkin_ws/src/Fast-Planner/fast_planner/traj_utils/src/planning_visualization.cpp:156:21:[m[K [01;35m[Kwarning: [m[Kcomparison between signed and unsigned integer expressions [[01;35m[K-Wsign-compare[m[K]
   for (int i = 0; [01;35m[Ki < bsplines.size()[m[K; ++i) {
                   [01;35m[K~~^~~~~~~~~~~~~~~~~[m[K
[01m[K/home/xiongzh/catkin_ws/src/Fast-Planner/fast_planner/traj_utils/src/planning_visualization.cpp:[m[K In member function ‘[01m[Kvoid fast_planner::PlanningVisualization::drawBsplinesPhase2(std::vector<fast_planner::NonUniformBspline>&, double)[m[K’:
[01m[K/home/xiongzh/catkin_ws/src/Fast-Planner/fast_planner/traj_utils/src/planning_visualization.cpp:171:21:[m[K [01;35m[Kwarning: [m[Kcomparison between signed and unsigned integer expressions [[01;35m[K-Wsign-compare[m[K]
   for (int i = 0; [01;35m[Ki < bsplines.size()[m[K; ++i) {
                   [01;35m[K~~^~~~~~~~~~~~~~~~~[m[K
[01m[K/home/xiongzh/catkin_ws/src/Fast-Planner/fast_planner/traj_utils/src/planning_visualization.cpp:[m[K In member function ‘[01m[Kvoid fast_planner::PlanningVisualization::drawTopoGraph(std::__cxx11::list<std::shared_ptr<fast_planner::GraphNode> >&, double, double, const Vector4d&, const Vector4d&, const Vector4d&, int)[m[K’:
[01m[K/home/xiongzh/catkin_ws/src/Fast-Planner/fast_planner/traj_utils/src/planning_visualization.cpp:232:23:[m[K [01;35m[Kwarning: [m[Kcomparison between signed and unsigned integer expressions [[01;35m[K-Wsign-compare[m[K]
     for (int k = 0; [01;35m[Kk < (*iter)->neighbors_.size()[m[K; ++k) {
                     [01;35m[K~~^~~~~~~~~~~~~~~~~~~~~~~~~~~~[m[K
[01m[K/home/xiongzh/catkin_ws/src/Fast-Planner/fast_planner/traj_utils/src/planning_visualization.cpp:[m[K In member function ‘[01m[Kvoid fast_planner::PlanningVisualization::drawTopoPathsPhase2(std::vector<std::vector<Eigen::Matrix<double, 3, 1> > >&, double)[m[K’:
[01m[K/home/xiongzh/catkin_ws/src/Fast-Planner/fast_planner/traj_utils/src/planning_visualization.cpp:254:21:[m[K [01;35m[Kwarning: [m[Kcomparison between signed and unsigned integer expressions [[01;35m[K-Wsign-compare[m[K]
   for (int i = 0; [01;35m[Ki < paths.size()[m[K; ++i) {
                   [01;35m[K~~^~~~~~~~~~~~~~[m[K
[01m[K/home/xiongzh/catkin_ws/src/Fast-Planner/fast_planner/traj_utils/src/planning_visualization.cpp:257:23:[m[K [01;35m[Kwarning: [m[Kcomparison between signed and unsigned integer expressions [[01;35m[K-Wsign-compare[m[K]
     for (int j = 0; [01;35m[Kj < paths[i].size() - 1[m[K; ++j) {
                     [01;35m[K~~^~~~~~~~~~~~~~~~~~~~~[m[K
[01m[K/home/xiongzh/catkin_ws/src/Fast-Planner/fast_planner/traj_utils/src/planning_visualization.cpp:[m[K In member function ‘[01m[Kvoid fast_planner::PlanningVisualization::drawTopoPathsPhase1(std::vector<std::vector<Eigen::Matrix<double, 3, 1> > >&, double)[m[K’:
[01m[K/home/xiongzh/catkin_ws/src/Fast-Planner/fast_planner/traj_utils/src/planning_visualization.cpp:278:21:[m[K [01;35m[Kwarning: [m[Kcomparison between signed and unsigned integer expressions [[01;35m[K-Wsign-compare[m[K]
   for (int i = 0; [01;35m[Ki < paths.size()[m[K; ++i) {
                   [01;35m[K~~^~~~~~~~~~~~~~[m[K
[01m[K/home/xiongzh/catkin_ws/src/Fast-Planner/fast_planner/traj_utils/src/planning_visualization.cpp:281:23:[m[K [01;35m[Kwarning: [m[Kcomparison between signed and unsigned integer expressions [[01;35m[K-Wsign-compare[m[K]
     for (int j = 0; [01;35m[Kj < paths[i].size() - 1[m[K; ++j) {
                     [01;35m[K~~^~~~~~~~~~~~~~~~~~~~~[m[K
[01m[K/home/xiongzh/catkin_ws/src/Fast-Planner/fast_planner/traj_utils/src/planning_visualization.cpp:[m[K In member function ‘[01m[Kvoid fast_planner::PlanningVisualization::drawPrediction(fast_planner::ObjPrediction, double, const Vector4d&, int)[m[K’:
[01m[K/home/xiongzh/catkin_ws/src/Fast-Planner/fast_planner/traj_utils/src/planning_visualization.cpp:316:21:[m[K [01;35m[Kwarning: [m[Kcomparison between signed and unsigned integer expressions [[01;35m[K-Wsign-compare[m[K]
   for (int i = 0; [01;35m[Ki < pred->size()[m[K; i++) {
                   [01;35m[K~~^~~~~~~~~~~~~~[m[K
[01m[K/home/xiongzh/catkin_ws/src/Fast-Planner/fast_planner/traj_utils/src/planning_visualization.cpp:[m[K In member function ‘[01m[Kvoid fast_planner::PlanningVisualization::drawYawPath(fast_planner::NonUniformBspline&, const std::vector<double>&, const double&)[m[K’:
[01m[K/home/xiongzh/catkin_ws/src/Fast-Planner/fast_planner/traj_utils/src/planning_visualization.cpp:350:21:[m[K [01;35m[Kwarning: [m[Kcomparison between signed and unsigned integer expressions [[01;35m[K-Wsign-compare[m[K]
   for (int i = 0; [01;35m[Ki < yaw.size()[m[K; ++i) {
                   [01;35m[K~~^~~~~~~~~~~~[m[K
[01m[K/home/xiongzh/catkin_ws/src/Fast-Planner/fast_planner/traj_utils/src/planning_visualization.cpp:[m[K In member function ‘[01m[KEigen::Vector4d fast_planner::PlanningVisualization::getColor(double, double)[m[K’:
[01m[K/home/xiongzh/catkin_ws/src/Fast-Planner/fast_planner/traj_utils/src/planning_visualization.cpp:367:19:[m[K [01;35m[Kwarning: [m[K‘[01m[Klambda[m[K’ may be used uninitialized in this function [[01;35m[K-Wmaybe-uninitialized[m[K]
   double          [01;35m[Klambda[m[K;
                   [01;35m[K^~~~~~[m[K
