Determining if the pthread_create exist failed with the following output:
Change Dir: /home/xiongzh/catkin_ws/build/mav_system_msgs/CMakeFiles/CMakeTmp

Run Build Command:"/usr/bin/make" "cmTC_409fe/fast"
/usr/bin/make -f CMakeFiles/cmTC_409fe.dir/build.make CMakeFiles/cmTC_409fe.dir/build
make[1]: 进入目录“/home/xiongzh/catkin_ws/build/mav_system_msgs/CMakeFiles/CMakeTmp”
Building C object CMakeFiles/cmTC_409fe.dir/CheckSymbolExists.c.o
/usr/bin/cc    -o CMakeFiles/cmTC_409fe.dir/CheckSymbolExists.c.o   -c /home/xiongzh/catkin_ws/build/mav_system_msgs/CMakeFiles/CMakeTmp/CheckSymbolExists.c
Linking C executable cmTC_409fe
/usr/bin/cmake -E cmake_link_script CMakeFiles/cmTC_409fe.dir/link.txt --verbose=1
/usr/bin/cc      -rdynamic CMakeFiles/cmTC_409fe.dir/CheckSymbolExists.c.o  -o cmTC_409fe 
CMakeFiles/cmTC_409fe.dir/CheckSymbolExists.c.o：在函数‘main’中：
CheckSymbolExists.c:(.text+0x1b)：对‘pthread_create’未定义的引用
collect2: error: ld returned 1 exit status
CMakeFiles/cmTC_409fe.dir/build.make:97: recipe for target 'cmTC_409fe' failed
make[1]: *** [cmTC_409fe] Error 1
make[1]: 离开目录“/home/xiongzh/catkin_ws/build/mav_system_msgs/CMakeFiles/CMakeTmp”
Makefile:126: recipe for target 'cmTC_409fe/fast' failed
make: *** [cmTC_409fe/fast] Error 2

File /home/xiongzh/catkin_ws/build/mav_system_msgs/CMakeFiles/CMakeTmp/CheckSymbolExists.c:
/* */
#include <pthread.h>

int main(int argc, char** argv)
{
  (void)argv;
#ifndef pthread_create
  return ((int*)(&pthread_create))[argc];
#else
  (void)argc;
  return 0;
#endif
}

Determining if the function pthread_create exists in the pthreads failed with the following output:
Change Dir: /home/xiongzh/catkin_ws/build/mav_system_msgs/CMakeFiles/CMakeTmp

Run Build Command:"/usr/bin/make" "cmTC_c924d/fast"
/usr/bin/make -f CMakeFiles/cmTC_c924d.dir/build.make CMakeFiles/cmTC_c924d.dir/build
make[1]: 进入目录“/home/xiongzh/catkin_ws/build/mav_system_msgs/CMakeFiles/CMakeTmp”
Building C object CMakeFiles/cmTC_c924d.dir/CheckFunctionExists.c.o
/usr/bin/cc   -DCHECK_FUNCTION_EXISTS=pthread_create   -o CMakeFiles/cmTC_c924d.dir/CheckFunctionExists.c.o   -c /usr/share/cmake-3.10/Modules/CheckFunctionExists.c
Linking C executable cmTC_c924d
/usr/bin/cmake -E cmake_link_script CMakeFiles/cmTC_c924d.dir/link.txt --verbose=1
/usr/bin/cc  -DCHECK_FUNCTION_EXISTS=pthread_create    -rdynamic CMakeFiles/cmTC_c924d.dir/CheckFunctionExists.c.o  -o cmTC_c924d -lpthreads 
/usr/bin/ld: 找不到 -lpthreads
collect2: error: ld returned 1 exit status
CMakeFiles/cmTC_c924d.dir/build.make:97: recipe for target 'cmTC_c924d' failed
make[1]: *** [cmTC_c924d] Error 1
make[1]: 离开目录“/home/xiongzh/catkin_ws/build/mav_system_msgs/CMakeFiles/CMakeTmp”
Makefile:126: recipe for target 'cmTC_c924d/fast' failed
make: *** [cmTC_c924d/fast] Error 2


