[ 12%] Built target geometric_controller_gencfg
[ 12%] Built target nav_msgs_generate_messages_eus
[ 12%] Built target visualization_msgs_generate_messages_nodejs
[ 12%] Built target visualization_msgs_generate_messages_py
[ 12%] Built target visualization_msgs_generate_messages_eus
[ 12%] Built target trajectory_msgs_generate_messages_py
[ 12%] Built target trajectory_msgs_generate_messages_eus
[ 12%] Built target trajectory_msgs_generate_messages_nodejs
[ 12%] Built target trajectory_msgs_generate_messages_lisp
[ 12%] Built target trajectory_msgs_generate_messages_cpp
[ 12%] Built target nav_msgs_generate_messages_nodejs
[ 12%] Built target nav_msgs_generate_messages_lisp
[ 12%] Built target geometry_msgs_generate_messages_lisp
[ 12%] Built target geometry_msgs_generate_messages_py
[ 12%] Built target mavros_msgs_generate_messages_nodejs
[ 12%] Built target dynamic_reconfigure_generate_messages_py
[ 12%] Built target diagnostic_msgs_generate_messages_nodejs
[ 12%] Built target dynamic_reconfigure_generate_messages_lisp
[ 12%] Built target geographic_msgs_generate_messages_cpp
[ 12%] Built target diagnostic_msgs_generate_messages_lisp
[ 12%] Built target tf_generate_messages_nodejs
[ 12%] Built target rosgraph_msgs_generate_messages_cpp
[ 12%] Built target std_msgs_generate_messages_nodejs
[ 12%] Built target dynamic_reconfigure_generate_messages_eus
[ 12%] Built target uuid_msgs_generate_messages_lisp
[ 12%] Built target actionlib_generate_messages_cpp
[ 12%] Built target actionlib_msgs_generate_messages_nodejs
[ 12%] Built target sensor_msgs_generate_messages_nodejs
[ 12%] Built target std_msgs_generate_messages_cpp
[ 12%] Built target geometry_msgs_generate_messages_nodejs
[ 12%] Built target tf_generate_messages_lisp
[ 12%] Built target roscpp_generate_messages_lisp
[ 12%] Built target std_msgs_generate_messages_lisp
[ 12%] Built target roscpp_generate_messages_nodejs
[ 12%] Built target geometry_msgs_generate_messages_eus
[ 12%] Built target roscpp_generate_messages_py
[ 12%] Built target std_msgs_generate_messages_py
[ 12%] Built target dynamic_reconfigure_generate_messages_nodejs
[ 12%] Built target rosgraph_msgs_generate_messages_eus
[ 12%] Built target tf_generate_messages_py
[ 12%] Built target dynamic_reconfigure_generate_messages_cpp
[ 12%] Built target sensor_msgs_generate_messages_py
[ 12%] Built target rosgraph_msgs_generate_messages_lisp
[ 12%] Built target visualization_msgs_generate_messages_lisp
[ 12%] Built target std_msgs_generate_messages_eus
[ 12%] Built target sensor_msgs_generate_messages_eus
[ 12%] Built target rosgraph_msgs_generate_messages_nodejs
[ 12%] Built target geographic_msgs_generate_messages_lisp
[ 12%] Built target geometry_msgs_generate_messages_cpp
[ 12%] Built target tf_generate_messages_cpp
[ 12%] Built target actionlib_generate_messages_lisp
[ 12%] Built target actionlib_generate_messages_nodejs
[ 12%] Built target tf_generate_messages_eus
[ 12%] Built target geographic_msgs_generate_messages_nodejs
[ 12%] Built target actionlib_msgs_generate_messages_cpp
[ 12%] Built target roscpp_generate_messages_eus
[ 12%] Built target actionlib_msgs_generate_messages_eus
[ 12%] Built target rosgraph_msgs_generate_messages_py
[ 12%] Built target actionlib_msgs_generate_messages_lisp
[ 12%] Built target actionlib_generate_messages_eus
[ 12%] Built target diagnostic_msgs_generate_messages_cpp
[ 12%] Built target actionlib_msgs_generate_messages_py
[ 12%] Built target nav_msgs_generate_messages_py
[ 12%] Built target tf2_msgs_generate_messages_cpp
[ 12%] Built target dynamic_reconfigure_gencfg
[ 12%] Built target actionlib_generate_messages_py
[ 12%] Built target tf2_msgs_generate_messages_lisp
[ 12%] Built target tf2_msgs_generate_messages_py
[ 12%] Built target tf2_msgs_generate_messages_nodejs
[ 12%] Built target roscpp_generate_messages_cpp
[ 12%] Built target geographic_msgs_generate_messages_py
[ 12%] Built target geographic_msgs_generate_messages_eus
[ 12%] Built target diagnostic_msgs_generate_messages_py
[ 12%] Built target diagnostic_msgs_generate_messages_eus
[ 12%] Built target uuid_msgs_generate_messages_eus
[ 12%] Built target uuid_msgs_generate_messages_nodejs
[ 12%] Built target uuid_msgs_generate_messages_cpp
[ 12%] Built target sensor_msgs_generate_messages_cpp
[ 12%] Built target uuid_msgs_generate_messages_py
[ 12%] Built target mavros_msgs_generate_messages_cpp
[ 12%] Built target mavros_msgs_generate_messages_lisp
[ 12%] Built target mavros_msgs_generate_messages_eus
[ 12%] Built target nav_msgs_generate_messages_cpp
[ 12%] Built target sensor_msgs_generate_messages_lisp
[ 12%] Built target mavros_msgs_generate_messages_py
[ 12%] Built target visualization_msgs_generate_messages_cpp
[ 12%] Built target tf2_msgs_generate_messages_eus
[ 75%] Built target geometric_controller
[100%] Built target geometric_controller_node
