Determining if the pthread_create exist failed with the following output:
Change Dir: /home/xiongzh/catkin_ws/build/local_sensing_node/CMakeFiles/CMakeTmp

Run Build Command:"/usr/bin/make" "cmTC_4ee86/fast"
/usr/bin/make -f CMakeFiles/cmTC_4ee86.dir/build.make CMakeFiles/cmTC_4ee86.dir/build
make[1]: 进入目录“/home/xiongzh/catkin_ws/build/local_sensing_node/CMakeFiles/CMakeTmp”
Building C object CMakeFiles/cmTC_4ee86.dir/CheckSymbolExists.c.o
/usr/bin/cc    -o CMakeFiles/cmTC_4ee86.dir/CheckSymbolExists.c.o   -c /home/xiongzh/catkin_ws/build/local_sensing_node/CMakeFiles/CMakeTmp/CheckSymbolExists.c
Linking C executable cmTC_4ee86
/usr/bin/cmake -E cmake_link_script CMakeFiles/cmTC_4ee86.dir/link.txt --verbose=1
/usr/bin/cc      -rdynamic CMakeFiles/cmTC_4ee86.dir/CheckSymbolExists.c.o  -o cmTC_4ee86 
CMakeFiles/cmTC_4ee86.dir/CheckSymbolExists.c.o：在函数‘main’中：
CheckSymbolExists.c:(.text+0x1b)：对‘pthread_create’未定义的引用
collect2: error: ld returned 1 exit status
CMakeFiles/cmTC_4ee86.dir/build.make:97: recipe for target 'cmTC_4ee86' failed
make[1]: *** [cmTC_4ee86] Error 1
make[1]: 离开目录“/home/xiongzh/catkin_ws/build/local_sensing_node/CMakeFiles/CMakeTmp”
Makefile:126: recipe for target 'cmTC_4ee86/fast' failed
make: *** [cmTC_4ee86/fast] Error 2

File /home/xiongzh/catkin_ws/build/local_sensing_node/CMakeFiles/CMakeTmp/CheckSymbolExists.c:
/* */
#include <pthread.h>

int main(int argc, char** argv)
{
  (void)argv;
#ifndef pthread_create
  return ((int*)(&pthread_create))[argc];
#else
  (void)argc;
  return 0;
#endif
}

Determining if the function pthread_create exists in the pthreads failed with the following output:
Change Dir: /home/xiongzh/catkin_ws/build/local_sensing_node/CMakeFiles/CMakeTmp

Run Build Command:"/usr/bin/make" "cmTC_49d13/fast"
/usr/bin/make -f CMakeFiles/cmTC_49d13.dir/build.make CMakeFiles/cmTC_49d13.dir/build
make[1]: 进入目录“/home/xiongzh/catkin_ws/build/local_sensing_node/CMakeFiles/CMakeTmp”
Building C object CMakeFiles/cmTC_49d13.dir/CheckFunctionExists.c.o
/usr/bin/cc   -DCHECK_FUNCTION_EXISTS=pthread_create   -o CMakeFiles/cmTC_49d13.dir/CheckFunctionExists.c.o   -c /usr/share/cmake-3.10/Modules/CheckFunctionExists.c
Linking C executable cmTC_49d13
/usr/bin/cmake -E cmake_link_script CMakeFiles/cmTC_49d13.dir/link.txt --verbose=1
/usr/bin/cc  -DCHECK_FUNCTION_EXISTS=pthread_create    -rdynamic CMakeFiles/cmTC_49d13.dir/CheckFunctionExists.c.o  -o cmTC_49d13 -lpthreads 
/usr/bin/ld: 找不到 -lpthreads
collect2: error: ld returned 1 exit status
CMakeFiles/cmTC_49d13.dir/build.make:97: recipe for target 'cmTC_49d13' failed
make[1]: *** [cmTC_49d13] Error 1
make[1]: 离开目录“/home/xiongzh/catkin_ws/build/local_sensing_node/CMakeFiles/CMakeTmp”
Makefile:126: recipe for target 'cmTC_49d13/fast' failed
make: *** [cmTC_49d13/fast] Error 2


