Determining if the pthread_create exist failed with the following output:
Change Dir: /home/xiongzh/catkin_ws/build/bspline/CMakeFiles/CMakeTmp

Run Build Command:"/usr/bin/make" "cmTC_07355/fast"
/usr/bin/make -f CMakeFiles/cmTC_07355.dir/build.make CMakeFiles/cmTC_07355.dir/build
make[1]: 进入目录“/home/xiongzh/catkin_ws/build/bspline/CMakeFiles/CMakeTmp”
Building C object CMakeFiles/cmTC_07355.dir/CheckSymbolExists.c.o
/usr/bin/cc    -o CMakeFiles/cmTC_07355.dir/CheckSymbolExists.c.o   -c /home/xiongzh/catkin_ws/build/bspline/CMakeFiles/CMakeTmp/CheckSymbolExists.c
Linking C executable cmTC_07355
/usr/bin/cmake -E cmake_link_script CMakeFiles/cmTC_07355.dir/link.txt --verbose=1
/usr/bin/cc      -rdynamic CMakeFiles/cmTC_07355.dir/CheckSymbolExists.c.o  -o cmTC_07355 
CMakeFiles/cmTC_07355.dir/CheckSymbolExists.c.o：在函数‘main’中：
CheckSymbolExists.c:(.text+0x1b)：对‘pthread_create’未定义的引用
collect2: error: ld returned 1 exit status
CMakeFiles/cmTC_07355.dir/build.make:97: recipe for target 'cmTC_07355' failed
make[1]: *** [cmTC_07355] Error 1
make[1]: 离开目录“/home/xiongzh/catkin_ws/build/bspline/CMakeFiles/CMakeTmp”
Makefile:126: recipe for target 'cmTC_07355/fast' failed
make: *** [cmTC_07355/fast] Error 2

File /home/xiongzh/catkin_ws/build/bspline/CMakeFiles/CMakeTmp/CheckSymbolExists.c:
/* */
#include <pthread.h>

int main(int argc, char** argv)
{
  (void)argv;
#ifndef pthread_create
  return ((int*)(&pthread_create))[argc];
#else
  (void)argc;
  return 0;
#endif
}

Determining if the function pthread_create exists in the pthreads failed with the following output:
Change Dir: /home/xiongzh/catkin_ws/build/bspline/CMakeFiles/CMakeTmp

Run Build Command:"/usr/bin/make" "cmTC_3185d/fast"
/usr/bin/make -f CMakeFiles/cmTC_3185d.dir/build.make CMakeFiles/cmTC_3185d.dir/build
make[1]: 进入目录“/home/xiongzh/catkin_ws/build/bspline/CMakeFiles/CMakeTmp”
Building C object CMakeFiles/cmTC_3185d.dir/CheckFunctionExists.c.o
/usr/bin/cc   -DCHECK_FUNCTION_EXISTS=pthread_create   -o CMakeFiles/cmTC_3185d.dir/CheckFunctionExists.c.o   -c /usr/share/cmake-3.10/Modules/CheckFunctionExists.c
Linking C executable cmTC_3185d
/usr/bin/cmake -E cmake_link_script CMakeFiles/cmTC_3185d.dir/link.txt --verbose=1
/usr/bin/cc  -DCHECK_FUNCTION_EXISTS=pthread_create    -rdynamic CMakeFiles/cmTC_3185d.dir/CheckFunctionExists.c.o  -o cmTC_3185d -lpthreads 
/usr/bin/ld: 找不到 -lpthreads
collect2: error: ld returned 1 exit status
CMakeFiles/cmTC_3185d.dir/build.make:97: recipe for target 'cmTC_3185d' failed
make[1]: *** [cmTC_3185d] Error 1
make[1]: 离开目录“/home/xiongzh/catkin_ws/build/bspline/CMakeFiles/CMakeTmp”
Makefile:126: recipe for target 'cmTC_3185d/fast' failed
make: *** [cmTC_3185d/fast] Error 2


