Determining if the pthread_create exist failed with the following output:
Change Dir: /home/xiongzh/catkin_ws/build/octomap_server/CMakeFiles/CMakeTmp

Run Build Command:"/usr/bin/make" "cmTC_44752/fast"
/usr/bin/make -f CMakeFiles/cmTC_44752.dir/build.make CMakeFiles/cmTC_44752.dir/build
make[1]: 进入目录“/home/xiongzh/catkin_ws/build/octomap_server/CMakeFiles/CMakeTmp”
Building C object CMakeFiles/cmTC_44752.dir/CheckSymbolExists.c.o
/usr/bin/cc    -o CMakeFiles/cmTC_44752.dir/CheckSymbolExists.c.o   -c /home/xiongzh/catkin_ws/build/octomap_server/CMakeFiles/CMakeTmp/CheckSymbolExists.c
Linking C executable cmTC_44752
/usr/bin/cmake -E cmake_link_script CMakeFiles/cmTC_44752.dir/link.txt --verbose=1
/usr/bin/cc      -rdynamic CMakeFiles/cmTC_44752.dir/CheckSymbolExists.c.o  -o cmTC_44752 
CMakeFiles/cmTC_44752.dir/CheckSymbolExists.c.o：在函数‘main’中：
CheckSymbolExists.c:(.text+0x1b)：对‘pthread_create’未定义的引用
collect2: error: ld returned 1 exit status
CMakeFiles/cmTC_44752.dir/build.make:97: recipe for target 'cmTC_44752' failed
make[1]: *** [cmTC_44752] Error 1
make[1]: 离开目录“/home/xiongzh/catkin_ws/build/octomap_server/CMakeFiles/CMakeTmp”
Makefile:126: recipe for target 'cmTC_44752/fast' failed
make: *** [cmTC_44752/fast] Error 2

File /home/xiongzh/catkin_ws/build/octomap_server/CMakeFiles/CMakeTmp/CheckSymbolExists.c:
/* */
#include <pthread.h>

int main(int argc, char** argv)
{
  (void)argv;
#ifndef pthread_create
  return ((int*)(&pthread_create))[argc];
#else
  (void)argc;
  return 0;
#endif
}

Determining if the function pthread_create exists in the pthreads failed with the following output:
Change Dir: /home/xiongzh/catkin_ws/build/octomap_server/CMakeFiles/CMakeTmp

Run Build Command:"/usr/bin/make" "cmTC_1560d/fast"
/usr/bin/make -f CMakeFiles/cmTC_1560d.dir/build.make CMakeFiles/cmTC_1560d.dir/build
make[1]: 进入目录“/home/xiongzh/catkin_ws/build/octomap_server/CMakeFiles/CMakeTmp”
Building C object CMakeFiles/cmTC_1560d.dir/CheckFunctionExists.c.o
/usr/bin/cc   -DCHECK_FUNCTION_EXISTS=pthread_create   -o CMakeFiles/cmTC_1560d.dir/CheckFunctionExists.c.o   -c /usr/share/cmake-3.10/Modules/CheckFunctionExists.c
Linking C executable cmTC_1560d
/usr/bin/cmake -E cmake_link_script CMakeFiles/cmTC_1560d.dir/link.txt --verbose=1
/usr/bin/cc  -DCHECK_FUNCTION_EXISTS=pthread_create    -rdynamic CMakeFiles/cmTC_1560d.dir/CheckFunctionExists.c.o  -o cmTC_1560d -lpthreads 
/usr/bin/ld: 找不到 -lpthreads
collect2: error: ld returned 1 exit status
CMakeFiles/cmTC_1560d.dir/build.make:97: recipe for target 'cmTC_1560d' failed
make[1]: *** [cmTC_1560d] Error 1
make[1]: 离开目录“/home/xiongzh/catkin_ws/build/octomap_server/CMakeFiles/CMakeTmp”
Makefile:126: recipe for target 'cmTC_1560d/fast' failed
make: *** [cmTC_1560d/fast] Error 2


