Determining if the pthread_create exist failed with the following output:
Change Dir: /home/xiongzh/catkin_ws/build/catkin_simple/CMakeFiles/CMakeTmp

Run Build Command:"/usr/bin/make" "cmTC_79318/fast"
/usr/bin/make -f CMakeFiles/cmTC_79318.dir/build.make CMakeFiles/cmTC_79318.dir/build
make[1]: 进入目录“/home/xiongzh/catkin_ws/build/catkin_simple/CMakeFiles/CMakeTmp”
Building C object CMakeFiles/cmTC_79318.dir/CheckSymbolExists.c.o
/usr/bin/cc    -o CMakeFiles/cmTC_79318.dir/CheckSymbolExists.c.o   -c /home/xiongzh/catkin_ws/build/catkin_simple/CMakeFiles/CMakeTmp/CheckSymbolExists.c
Linking C executable cmTC_79318
/usr/bin/cmake -E cmake_link_script CMakeFiles/cmTC_79318.dir/link.txt --verbose=1
/usr/bin/cc      -rdynamic CMakeFiles/cmTC_79318.dir/CheckSymbolExists.c.o  -o cmTC_79318 
CMakeFiles/cmTC_79318.dir/CheckSymbolExists.c.o：在函数‘main’中：
CheckSymbolExists.c:(.text+0x1b)：对‘pthread_create’未定义的引用
collect2: error: ld returned 1 exit status
CMakeFiles/cmTC_79318.dir/build.make:97: recipe for target 'cmTC_79318' failed
make[1]: *** [cmTC_79318] Error 1
make[1]: 离开目录“/home/xiongzh/catkin_ws/build/catkin_simple/CMakeFiles/CMakeTmp”
Makefile:126: recipe for target 'cmTC_79318/fast' failed
make: *** [cmTC_79318/fast] Error 2

File /home/xiongzh/catkin_ws/build/catkin_simple/CMakeFiles/CMakeTmp/CheckSymbolExists.c:
/* */
#include <pthread.h>

int main(int argc, char** argv)
{
  (void)argv;
#ifndef pthread_create
  return ((int*)(&pthread_create))[argc];
#else
  (void)argc;
  return 0;
#endif
}

Determining if the function pthread_create exists in the pthreads failed with the following output:
Change Dir: /home/xiongzh/catkin_ws/build/catkin_simple/CMakeFiles/CMakeTmp

Run Build Command:"/usr/bin/make" "cmTC_1c223/fast"
/usr/bin/make -f CMakeFiles/cmTC_1c223.dir/build.make CMakeFiles/cmTC_1c223.dir/build
make[1]: 进入目录“/home/xiongzh/catkin_ws/build/catkin_simple/CMakeFiles/CMakeTmp”
Building C object CMakeFiles/cmTC_1c223.dir/CheckFunctionExists.c.o
/usr/bin/cc   -DCHECK_FUNCTION_EXISTS=pthread_create   -o CMakeFiles/cmTC_1c223.dir/CheckFunctionExists.c.o   -c /usr/share/cmake-3.10/Modules/CheckFunctionExists.c
Linking C executable cmTC_1c223
/usr/bin/cmake -E cmake_link_script CMakeFiles/cmTC_1c223.dir/link.txt --verbose=1
/usr/bin/cc  -DCHECK_FUNCTION_EXISTS=pthread_create    -rdynamic CMakeFiles/cmTC_1c223.dir/CheckFunctionExists.c.o  -o cmTC_1c223 -lpthreads 
/usr/bin/ld: 找不到 -lpthreads
collect2: error: ld returned 1 exit status
CMakeFiles/cmTC_1c223.dir/build.make:97: recipe for target 'cmTC_1c223' failed
make[1]: *** [cmTC_1c223] Error 1
make[1]: 离开目录“/home/xiongzh/catkin_ws/build/catkin_simple/CMakeFiles/CMakeTmp”
Makefile:126: recipe for target 'cmTC_1c223/fast' failed
make: *** [cmTC_1c223/fast] Error 2


